<?xml version="1.0" encoding="UTF-8"?>
<testng-results skipped="0" failed="0" ignored="0" total="1" passed="1">
  <reporter-output>
  </reporter-output>
  <suite name="Surefire suite" duration-ms="28804" started-at="2020-06-14T00:25:23 EDT" finished-at="2020-06-14T00:25:52 EDT">
    <groups>
    </groups>
    <test name="Surefire test" duration-ms="28804" started-at="2020-06-14T00:25:23 EDT" finished-at="2020-06-14T00:25:52 EDT">
      <class name="SocialMedia.DemoMaveProject.FaceBookTest">
        <test-method status="PASS" signature="SignUpTest()[pri:0, instance:SocialMedia.DemoMaveProject.FaceBookTest@5383967b]" name="SignUpTest" duration-ms="28669" started-at="2020-06-14T00:25:23 EDT" finished-at="2020-06-14T00:25:52 EDT">
          <reporter-output>
          </reporter-output>
        </test-method> <!-- SignUpTest -->
      </class> <!-- SocialMedia.DemoMaveProject.FaceBookTest -->
    </test> <!-- Surefire test -->
  </suite> <!-- Surefire suite -->
</testng-results>
