<?xml version="1.0" encoding="UTF-8"?>
<testng-results skipped="0" failed="0" ignored="0" total="1" passed="1">
  <reporter-output>
  </reporter-output>
  <suite name="Default suite" duration-ms="19164" started-at="2020-06-13T10:12:04 EDT" finished-at="2020-06-13T10:12:23 EDT">
    <groups>
    </groups>
    <test name="Default test" duration-ms="19164" started-at="2020-06-13T10:12:04 EDT" finished-at="2020-06-13T10:12:23 EDT">
      <class name="SocialMedia.DemoMaveProject.FaceBookTest">
        <test-method status="PASS" signature="SignUp()[pri:0, instance:SocialMedia.DemoMaveProject.FaceBookTest@536aaa8d]" name="SignUp" duration-ms="19088" started-at="2020-06-13T10:12:04 EDT" finished-at="2020-06-13T10:12:23 EDT">
          <reporter-output>
          </reporter-output>
        </test-method> <!-- SignUp -->
      </class> <!-- SocialMedia.DemoMaveProject.FaceBookTest -->
    </test> <!-- Default test -->
  </suite> <!-- Default suite -->
</testng-results>
